<?xml version="1.0" encoding="UTF-8"?>
<!-- Generated by org.testng.reporters.JUnitReportReporter -->
<testsuite hostname="Debalina" name="testRunner.TestRun" tests="1" failures="0" timestamp="5 Jan 2020 15:25:25 GMT" time="27.252" errors="0">
  <testcase name="feature" time="27.252" classname="testRunner.TestRun"/>
</testsuite> <!-- testRunner.TestRun -->
